TN:
SF:src/bubblesort.ts
FN:13,(anonymous_0)
FNF:1
FNH:1
FNDA:4,(anonymous_0)
DA:6,1
DA:15,4
DA:16,31
DA:17,31
DA:18,301
DA:19,109
DA:20,109
DA:21,109
DA:22,109
DA:27,4
LF:10
LH:10
BRDA:18,0,0,109
BRDA:18,0,1,192
BRDA:18,1,0,301
BRDA:18,1,1,301
BRDA:18,1,2,270
BRF:5
BRH:5
end_of_record
TN:
SF:src/mergesort.ts
FN:12,(anonymous_0)
FN:31,(anonymous_1)
FNF:2
FNH:2
FNDA:55,(anonymous_0)
FNDA:26,(anonymous_1)
DA:6,1
DA:13,55
DA:14,29
DA:17,26
DA:18,26
DA:19,26
DA:22,26
DA:32,26
DA:33,26
DA:34,26
DA:36,26
DA:37,97
DA:38,97
DA:40,97
DA:41,15
DA:42,15
DA:44,82
DA:45,28
DA:46,28
DA:48,54
DA:49,15
DA:50,15
DA:53,39
DA:54,39
DA:58,26
LF:25
LH:25
BRDA:13,0,0,29
BRDA:13,0,1,26
BRDA:40,1,0,15
BRDA:40,1,1,82
BRDA:44,2,0,28
BRDA:44,2,1,54
BRDA:48,3,0,15
BRDA:48,3,1,39
BRF:8
BRH:8
end_of_record
TN:
SF:src/solver.ts
FN:13,(anonymous_0)
FN:20,(anonymous_1)
FN:27,(anonymous_2)
FN:31,(anonymous_3)
FNF:4
FNH:4
FNDA:7,(anonymous_0)
FNDA:1,(anonymous_1)
FNDA:7,(anonymous_2)
FNDA:7,(anonymous_3)
DA:6,1
DA:13,7
DA:21,1
DA:28,7
DA:32,7
LF:5
LH:5
BRF:0
BRH:0
end_of_record
